<?xml version="1.0" encoding="UTF-8"?>
<!-- Generated by org.testng.reporters.JUnitReportReporter -->
<testsuite skipped="1" hostname="sks-PC" name="Com.Tcs.Online.Script.TestScript" tests="12" failures="0" timestamp="2020-07-27T11:06:34 IST" time="8.524" errors="0">
  <testcase name="ValidateTitle" time="2.820" classname="Com.Tcs.Online.Script.TestScript"/>
  <testcase name="ValidateUrl" time="0.030" classname="Com.Tcs.Online.Script.TestScript"/>
  <testcase name="Validatename" time="0.162" classname="Com.Tcs.Online.Script.TestScript"/>
  <testcase name="Validatecreate" time="0.042" classname="Com.Tcs.Online.Script.TestScript"/>
  <testcase name="ValidateRadiobutton" time="0.061" classname="Com.Tcs.Online.Script.TestScript"/>
  <testcase name="ValidateEmail" time="0.375" classname="Com.Tcs.Online.Script.TestScript"/>
  <testcase name="ValidatePass" time="0.206" classname="Com.Tcs.Online.Script.TestScript"/>
  <testcase name="ValidateTest" time="4.291" classname="Com.Tcs.Online.Script.TestScript"/>
  <testcase name="ValidateDropdown" time="0.221" classname="Com.Tcs.Online.Script.TestScript"/>
  <testcase name="ValidateDropdownMonth" time="0.176" classname="Com.Tcs.Online.Script.TestScript"/>
  <testcase name="ValidateDropdownYear" time="0.140" classname="Com.Tcs.Online.Script.TestScript"/>
  <testcase name="ValidateAlertOKbutton" classname="Com.Tcs.Online.Script.TestScript">
    <skipped/>
  </testcase> <!-- ValidateAlertOKbutton -->
</testsuite> <!-- Com.Tcs.Online.Script.TestScript -->
