<?xml version="1.0" encoding="UTF-8"?>
<!-- Generated by org.testng.reporters.JUnitReportReporter -->
<testsuite skipped="1" hostname="sks-PC" name="Com.Tcs.Online.Script.TestScript" tests="12" failures="0" timestamp="2020-07-27T11:05:58 IST" time="10.169" errors="0">
  <testcase name="ValidateTitle" time="0.039" classname="Com.Tcs.Online.Script.TestScript"/>
  <system-out/>
  <testcase name="ValidateUrl" time="0.008" classname="Com.Tcs.Online.Script.TestScript"/>
  <system-out/>
  <testcase name="Validatename" time="0.181" classname="Com.Tcs.Online.Script.TestScript"/>
  <system-out/>
  <testcase name="Validatecreate" time="0.043" classname="Com.Tcs.Online.Script.TestScript"/>
  <system-out/>
  <testcase name="ValidateRadiobutton" time="0.066" classname="Com.Tcs.Online.Script.TestScript"/>
  <system-out/>
  <testcase name="ValidateEmail" time="0.144" classname="Com.Tcs.Online.Script.TestScript"/>
  <system-out/>
  <testcase name="ValidatePass" time="4.946" classname="Com.Tcs.Online.Script.TestScript"/>
  <system-out/>
  <testcase name="ValidateTest" time="4.241" classname="Com.Tcs.Online.Script.TestScript"/>
  <system-out/>
  <testcase name="ValidateDropdown" time="0.222" classname="Com.Tcs.Online.Script.TestScript"/>
  <system-out/>
  <testcase name="ValidateDropdownMonth" time="0.144" classname="Com.Tcs.Online.Script.TestScript"/>
  <system-out/>
  <testcase name="ValidateDropdownYear" time="0.135" classname="Com.Tcs.Online.Script.TestScript"/>
  <system-out/>
  <testcase name="ValidateAlertOKbutton" classname="Com.Tcs.Online.Script.TestScript">
    <skipped/>
  </testcase> <!-- ValidateAlertOKbutton -->
  <system-out/>
</testsuite> <!-- Com.Tcs.Online.Script.TestScript -->
